GET /fuck
GET /fuck
GET /fuck
GET /fuck
GET /fuck
GET /fuck
GET /fuck
GET /fuck
GET /fuck
GET /fuck
GET /fuck
GET /fuck
GET /fuck
GET /fuck
GET /fuck
GET /fuck
GET /fuck
GET /fuck
GET /fuck
GET /fuck
GET /fuck
GET /fuck
GET /fuck
GET /fuck
GET /fuck
GET /fuck
GET /fuck
GET /fuck
GET /fuck
GET /fuck
GET /fuck
GET /fuck
GET /fuck
GET /fuck
GET /fuck
GET /fuck
GET /fuck
GET /fuck
GET /fuck
GET /fuck
GET /fuck
GET /fuck
GET /fuck
GET /fuck
GET /fuck
GET /fuck
GET /fuck
GET /fuck
GET /fuck
GET /fuck
GET /fuck
GET /fuck
GET /fuck
GET /fuck
GET /fuck
GET /fuck
GET /fuck
GET /fuck
GET /fuck
GET /fuck
GET /fuck
GET /fuck
GET /fuck
GET /fuck
GET /fuck
GET /fuck
GET /fuck
GET /fuck
GET /fuck
GET /fuck
GET /fuck
GET /fuck
GET /fuck
GET /fuck
GET /fuck
GET /fuck
GET /fuck
GET /fuck
GET /fuck
GET /fuck
GET /fuck
GET /fuck
GET /fuck
GET /fuck
GET /fuck
GET /fuck
GET /fuck
GET /fuck
GET /fuck
GET /fuck
GET /fuck
GET /fuck
GET /fuck
GET /fuck
GET /fuck
GET /fuck
GET /fuck
GET /fuck
GET /fuck
GET /fuck
GET /fuck
GET /fuck
GET /fuck
GET /fuck
GET /fuck
GET /fuck
GET /fuck
GET /fuck
GET /fuck
GET /fuck
GET /fuck
GET /fuck
GET /fuck
GET /fuck
GET /fuck
GET /fuck
GET /fuck
GET /fuck
GET /fuck
GET /fuck
GET /fuck
GET /fuck
GET /fuck
GET /fuck
GET /fuck
GET /fuck
GET /fuck
GET /fuck
GET /fuck
GET /fuck
GET /fuck
GET //app/files/fuck
GET /fuck
GET /fuck
GET /app/files/
GET /app/files/
GET /app/files/
GET /app/files/
GET /app/files/
GET /app/files/
GET /app/files/
GET /app/files/fuck
GET /app/files/
GET /app/files/fuck
GET /app/files/fuck.js
GET /app/files/fuck.js
GET /app/files/
GET /app/files/fuck.js
GET /app/files/fuck.js
GET /app/files/fuck.js
GET /app/files/fuck.js
GET /app/files/fuck.js
GET /app/files/fuck.js
GET /app/files/fuck.js
GET /app/files/fuck.js
GET /app/files/fuck.js
GET /app/files/fuck.js
GET /app/files/fuck.js
GET /app/files/fuck.js
GET /fuck.js
GET /app/files/fuck.js
GET /app/files/fuck.js
GET /app/files/fuck.js
GET /app/files/fuck.js
GET /app/files/fuck.js
GET /app/files/fuck.js
GET /app/files/fuck.js
GET /app/files/fuck.js
GET /app/files/fuck.js
GET /socket.io/?EIO=2&transport=polling&t=1413795503540-0
GET /socket.io/?EIO=2&transport=polling&t=1413795524623-1
GET /socket.io/?EIO=2&transport=polling&t=1413795546622-2
GET /socket.io/?EIO=2&transport=polling&t=1413795569621-3
GET /socket.io/?EIO=2&transport=polling&t=1413795593623-4
GET /socket.io/?EIO=2&transport=polling&t=1413795618622-5
GET /socket.io/?EIO=2&transport=polling&t=1413795643801-6
GET /socket.io/?EIO=2&transport=polling&t=1413795668796-7
GET /app/files/fuck.js
GET /app/files/fuck.js
GET /a
GET /
GET /
GET /index
GET /index
GET /
GET /stylesheets/style.css
GET /
GET /stylesheets/style.css
GET /stylesheets/style.css
GET /
GET /stylesheets/style.css
GET /
GET /stylesheets/style.css
GET /
GET /stylesheets/style.css
GET /
GET /stylesheets/style.css
POST /
GET /stylesheets/style.css
POST /
GET /
GET /stylesheets/style.css
POST /
POST /
GET /
GET /stylesheets/style.css
GET /
GET /stylesheets/style.css
GET /
GET /public/sheets/style.css
GET /
GET /public/sheets/style.css
GET /
GET /public/sheets/style.css
GET /
GET /public/sheets/style.css
GET /
GET /public/sheets/style.css
GET /
GET /sheets/style.css
GET /
GET /sheets/style.css
GET /
GET /sheets/style.css
GET /
GET /stylesheets/style.css
GET /
GET /public/stylesheets/style.css
GET /
GET /public/stylesheets/style.css
GET /
GET /public/stylesheets/style.css
GET /
GET /public/stylesheets/style.css
GET /
GET /stylesheets/style.css
POST /
POST /
GET /
GET /stylesheets/style.css
GET /
GET /stylesheets/style.css
GET /
GET /stylesheets/style.css
POST /
GET /
GET /stylesheets/style.css
POST /
GET /upload
GET /stylesheets/style.css
POST /upload
GET /upload
GET /stylesheets/style.css
POST /upload
GET /upload
GET /stylesheets/style.css
POST /upload
GET /upload
GET /stylesheets/style.css
POST /upload
GET /upload
GET /stylesheets/style.css
POST /upload
POST /upload
GET /upload
GET /stylesheets/style.css
POST /upload
GET /upload
GET /stylesheets/style.css
POST /upload
GET /upload
GET /stylesheets/style.css
POST /upload
GET /upload
GET /stylesheets/style.css
POST /upload
GET /upload
GET /upload
POST /upload
GET /upload
GET /stylesheets/style.css
POST /upload
POST /upload
GET /upload
GET /stylesheets/style.css
POST /upload
GET /upload
GET /stylesheets/style.css
GET /upload
GET /stylesheets/style.css
GET /upload
GET /stylesheets/style.css
GET /upload
GET /stylesheets/style.css
GET /upload
GET /stylesheets/style.css
GET /upload
GET /stylesheets/style.css
GET /upload
GET /stylesheets/style.css
GET /upload
GET /stylesheets/style.css
GET /upload
GET /stylesheets/style.css
GET /upload
GET /stylesheets/style.css
GET /upload
GET /stylesheets/style.css
GET /socket.io/?EIO=2&transport=polling&t=1413862491533-0
GET /socket.io/?EIO=2&transport=polling&t=1413862492638-1
GET /socket.io/?EIO=2&transport=polling&t=1413862494642-2
GET /upload
GET /stylesheets/style.css
GET /upload
GET /stylesheets/style.css
